<?xml version="1.0" encoding="UTF-8"?>
<!-- Generated by org.testng.reporters.JUnitReportReporter -->
<testsuite hostname="SaiKiran-DSK" failures="0" tests="1" name="com.otrim.qa.ReportNG_Report.ReportNG_Report_InTestNG" time="6.012" errors="0" timestamp="2021-05-28T10:34:25 IST" skipped="0">
  <testcase classname="com.otrim.qa.ReportNG_Report.ReportNG_Report_InTestNG" name="reportNG_report" time="6.012"/>
  <system-out>
Navigated to chrome browser
line Chrome browser maximized Navigated to URL User Email Entered User Password Entered Clicked on Login Button Assert condition verified <a target="_blank" href="C:\Users\User\Downloads\Workplace\OtrimMaven\Screenshots\screenshot.png">Screenshot</a>  </system-out>
</testsuite> <!-- com.otrim.qa.ReportNG_Report.ReportNG_Report_InTestNG -->
