<?xml version="1.0" encoding="UTF-8"?>
<!-- Generated by org.testng.reporters.JUnitReportReporter -->
<testsuite hostname="SaiKiran-DSK" failures="0" tests="1" name="com.otrim.TestNGReport.EditTestNGReport" time="5.305" errors="0" timestamp="2021-05-27T21:05:32 IST" skipped="0">
  <testcase classname="com.otrim.TestNGReport.EditTestNGReport" name="cutomizeEmailableReport_TestNGReport" time="5.305"/>
  <system-out>
Navigated to chrome browser Chrome browser maximized Navigated to URL User Email Entered User Password Entered Clicked on Login Button Assert condition verified <a target="_blank" href="C:\Users\User\Downloads\Workplace\OtrimMaven\Screenshots\screenshot.png">Screenshot</a> <img src="C:\Users\User\Downloads\Workplace\OtrimMaven\Screenshots\screenshot.png"/>  </system-out>
</testsuite> <!-- com.otrim.TestNGReport.EditTestNGReport -->
