<?xml version="1.0" encoding="UTF-8"?>
<!-- Generated by org.testng.reporters.JUnitReportReporter -->
<testsuite hostname="SaiKiran-DSK" failures="0" tests="1" name="com.otrim.qa.testcases.LoginPageTest" time="9.890" errors="0" timestamp="2021-02-25T10:02:42 IST" skipped="0">
  <testcase classname="com.otrim.qa.testcases.LoginPageTest" name="guestLogin_Validation" time="9.890"/>
  <system-out/>
</testsuite> <!-- com.otrim.qa.testcases.LoginPageTest -->
