<?xml version="1.0" encoding="UTF-8"?>
<!-- Generated by org.testng.reporters.JUnitReportReporter -->
<testsuite hostname="SaiKiran-DSK" failures="0" tests="3" name="com.otrim.qa.testcases.SignUpPageTest" time="38.555" errors="0" timestamp="2021-02-22T19:03:57 IST" skipped="0">
  <testcase classname="com.otrim.qa.testcases.SignUpPageTest" name="UI" time="8.387"/>
  <system-out/>
  <testcase classname="com.otrim.qa.testcases.SignUpPageTest" name="signUpValidation" time="14.435"/>
  <system-out/>
  <testcase classname="com.otrim.qa.testcases.SignUpPageTest" name="signUpValidation" time="15.733"/>
  <system-out/>
</testsuite> <!-- com.otrim.qa.testcases.SignUpPageTest -->
