<?xml version="1.0" encoding="UTF-8"?>
<!-- Generated by org.testng.reporters.JUnitReportReporter -->
<testsuite hostname="SaiKiran-DSK" failures="0" tests="1" name="com.otrim.qa.testcases.HomePageTest" time="34.979" errors="0" timestamp="2021-02-25T10:02:42 IST" skipped="0">
  <testcase classname="com.otrim.qa.testcases.HomePageTest" name="longUrlTest" time="34.979"/>
  <system-out/>
</testsuite> <!-- com.otrim.qa.testcases.HomePageTest -->
