<?xml version="1.0" encoding="UTF-8"?>
<!-- Generated by org.testng.reporters.JUnitReportReporter -->
<testsuite hostname="DESKTOP-9J3350E" failures="0" tests="1" name="com.otrim.ExtentReports.ExtentReportsFive" time="1.513" errors="0" timestamp="2021-09-23T02:47:02 IST" skipped="0">
  <testcase classname="com.otrim.ExtentReports.ExtentReportsFive" name="extentTest" time="1.513"/>
  <system-out/>
</testsuite> <!-- com.otrim.ExtentReports.ExtentReportsFive -->
