<?xml version="1.0" encoding="UTF-8"?>
<!-- Generated by org.testng.reporters.JUnitReportReporter -->
<testsuite hostname="SaiKiran-DSK" failures="0" tests="1" name="com.otrim.qa.testcases.LandingPageTest" time="134.894" errors="0" timestamp="2021-02-25T10:02:42 IST" skipped="0">
  <testcase classname="com.otrim.qa.testcases.LandingPageTest" name="OtrimLogo_Test" time="134.894"/>
  <system-out/>
</testsuite> <!-- com.otrim.qa.testcases.LandingPageTest -->
