<?xml version="1.0" encoding="UTF-8"?>
<!-- Generated by org.testng.reporters.JUnitReportReporter -->
<testsuite hostname="SaiKiran-DSK" failures="0" tests="3" name="com.otrim.qa.pages.Excel_TestNG" time="35.029" errors="0" timestamp="2021-01-08T18:42:40 IST" skipped="0">
  <testcase classname="com.otrim.qa.pages.Excel_TestNG" name="signUpTest" time="12.655"/>
  <system-out/>
  <testcase classname="com.otrim.qa.pages.Excel_TestNG" name="longUrltest" time="9.648"/>
  <system-out/>
  <testcase classname="com.otrim.qa.pages.Excel_TestNG" name="signUpTest" time="12.726"/>
  <system-out/>
</testsuite> <!-- com.otrim.qa.pages.Excel_TestNG -->
