<?xml version="1.0" encoding="UTF-8"?>
<!-- Generated by org.testng.reporters.JUnitReportReporter -->
<testsuite hostname="SaiKiran-DSK" failures="0" tests="1" name="com.otrim.qa.practice.IngnoreSSLCertificate" time="13.380" errors="0" timestamp="2021-03-02T23:40:10 IST" skipped="0">
  <testcase classname="com.otrim.qa.practice.IngnoreSSLCertificate" name="test" time="13.380"/>
  <system-out/>
</testsuite> <!-- com.otrim.qa.practice.IngnoreSSLCertificate -->
